-------------------------------------------------------------------------------
Test set: com.ams.testpackage.AccountTest
-------------------------------------------------------------------------------
Tests run: 1, Failures: 0, Errors: 1, Skipped: 0, Time elapsed: 0.785 s <<< FAILURE! - in com.ams.testpackage.AccountTest
com.ams.testpackage.AccountTest.testCreateAccount  Time elapsed: 0.103 s  <<< ERROR!
java.lang.NullPointerException
	at com.ams.testpackage.AccountTest.testCreateAccount(AccountTest.java:49)

